[2024-02-06 20:34:29.461] [INFO]KMX_balance_sheet.bin written succesfully
[2024-02-06 20:34:29.463] [INFO]KMX_cashflow_statement.bin written succesfully.
[2024-02-06 20:34:29.463] [INFO]KMX_key_ratios.bin written succesfully
[2024-02-06 20:34:30.377] [INFO]POR_balance_sheet.bin written succesfully
[2024-02-06 20:34:30.378] [INFO]POR_cashflow_statement.bin written succesfully.
[2024-02-06 20:34:30.379] [INFO]POR_key_ratios.bin written succesfully
[2024-02-06 20:34:31.454] [INFO]TUYA_balance_sheet.bin written succesfully
[2024-02-06 20:34:31.455] [INFO]TUYA_cashflow_statement.bin written succesfully.
[2024-02-06 20:34:31.456] [INFO]TUYA_key_ratios.bin written succesfully
[2024-02-06 20:34:32.164] [INFO]HOWL_balance_sheet.bin written succesfully
[2024-02-06 20:34:32.165] [INFO]HOWL_cashflow_statement.bin written succesfully.
[2024-02-06 20:34:32.165] [INFO]HOWL_key_ratios.bin written succesfully
[2024-02-06 20:34:32.960] [INFO]MSGS_balance_sheet.bin written succesfully
[2024-02-06 20:34:32.961] [INFO]MSGS_cashflow_statement.bin written succesfully.
[2024-02-06 20:34:32.961] [INFO]MSGS_key_ratios.bin written succesfully
[2024-02-06 20:34:33.706] [INFO]NMIH_balance_sheet.bin written succesfully
[2024-02-06 20:34:33.708] [INFO]NMIH_cashflow_statement.bin written succesfully.
[2024-02-06 20:34:33.708] [INFO]NMIH_key_ratios.bin written succesfully
[2024-02-06 20:34:35.266] [INFO]FTCVW_balance_sheet.bin written succesfully
[2024-02-06 20:34:35.267] [INFO]FTCVW_cashflow_statement.bin written succesfully.
[2024-02-06 20:34:35.268] [INFO]FTCVW_key_ratios.bin written succesfully
[2024-02-06 20:34:35.929] [INFO]LGV-UN_balance_sheet.bin written succesfully
[2024-02-06 20:34:35.930] [INFO]LGV-UN_cashflow_statement.bin written succesfully.
[2024-02-06 20:34:35.931] [INFO]LGV-UN_key_ratios.bin written succesfully
[2024-02-06 20:34:36.586] [INFO]GIWWW_balance_sheet.bin written succesfully
[2024-02-06 20:34:36.587] [INFO]GIWWW_cashflow_statement.bin written succesfully.
[2024-02-06 20:34:36.588] [INFO]GIWWW_key_ratios.bin written succesfully
[2024-02-06 20:34:37.425] [INFO]CEQP_balance_sheet.bin written succesfully
[2024-02-06 20:34:37.426] [INFO]CEQP_cashflow_statement.bin written succesfully.
[2024-02-06 20:34:37.426] [INFO]CEQP_key_ratios.bin written succesfully
[2024-02-06 20:34:38.095] [INFO]ZEV-WT_balance_sheet.bin written succesfully
[2024-02-06 20:34:38.096] [INFO]ZEV-WT_cashflow_statement.bin written succesfully.
[2024-02-06 20:34:38.097] [INFO]ZEV-WT_key_ratios.bin written succesfully
